[0.857s] DEBUG:colcon:Command line arguments: ['/usr/bin/colcon', 'list', '-p', '--base-paths', '/home/greyhat/ros2ws/src']
[0.858s] DEBUG:colcon:Parsed command line arguments: Namespace(base_paths=['/home/greyhat/ros2ws/src'], build_base='build', ignore_user_meta=False, log_base=None, log_level=None, main=<bound method ListVerb.main of <colcon_package_information.verb.list.ListVerb object at 0x7f82da5c5d00>>, metas=['./colcon.meta'], names_only=False, packages_above=None, packages_above_and_dependencies=None, packages_above_depth=None, packages_end=None, packages_ignore=None, packages_ignore_regex=None, packages_select=None, packages_select_build_failed=False, packages_select_by_dep=None, packages_select_regex=None, packages_select_test_failures=False, packages_skip=None, packages_skip_build_finished=False, packages_skip_by_dep=None, packages_skip_regex=None, packages_skip_test_passed=False, packages_skip_up_to=None, packages_start=None, packages_up_to=None, packages_up_to_regex=None, paths=None, paths_only=True, topological_graph=False, topological_graph_density=False, topological_graph_dot=False, topological_graph_dot_cluster=False, topological_graph_dot_include_skipped=False, topological_graph_legend=False, topological_order=False, verb_extension=<colcon_package_information.verb.list.ListVerb object at 0x7f82da5c5d00>, verb_name='list', verb_parser=<colcon_defaults.argument_parser.defaults.DefaultArgumentsDecorator object at 0x7f82da408ee0>)
[0.924s] Level 1:colcon.colcon_core.package_discovery:discover_packages(colcon_meta) check parameters
[0.925s] Level 1:colcon.colcon_core.package_discovery:discover_packages(recursive) check parameters
[0.925s] Level 1:colcon.colcon_core.package_discovery:discover_packages(ignore) check parameters
[0.925s] Level 1:colcon.colcon_core.package_discovery:discover_packages(path) check parameters
[0.925s] Level 1:colcon.colcon_core.package_discovery:discover_packages(recursive) discover
[0.925s] INFO:colcon.colcon_core.package_discovery:Crawling recursively for packages in '/home/greyhat/ros2ws/src'
[0.926s] Level 1:colcon.colcon_core.package_identification:_identify(/home/greyhat/ros2ws/src) by extensions ['ignore', 'ignore_ament_install']
[0.926s] Level 1:colcon.colcon_core.package_identification:_identify(/home/greyhat/ros2ws/src) by extension 'ignore'
[0.926s] Level 1:colcon.colcon_core.package_identification:_identify(/home/greyhat/ros2ws/src) by extension 'ignore_ament_install'
[0.927s] Level 1:colcon.colcon_core.package_identification:_identify(/home/greyhat/ros2ws/src) by extensions ['colcon_pkg']
[0.927s] Level 1:colcon.colcon_core.package_identification:_identify(/home/greyhat/ros2ws/src) by extension 'colcon_pkg'
[0.927s] Level 1:colcon.colcon_core.package_identification:_identify(/home/greyhat/ros2ws/src) by extensions ['colcon_meta']
[0.927s] Level 1:colcon.colcon_core.package_identification:_identify(/home/greyhat/ros2ws/src) by extension 'colcon_meta'
[0.927s] Level 1:colcon.colcon_core.package_identification:_identify(/home/greyhat/ros2ws/src) by extensions ['ros']
[0.927s] Level 1:colcon.colcon_core.package_identification:_identify(/home/greyhat/ros2ws/src) by extension 'ros'
[0.959s] Level 1:colcon.colcon_core.package_identification:_identify(/home/greyhat/ros2ws/src) by extensions ['cmake', 'python']
[0.959s] Level 1:colcon.colcon_core.package_identification:_identify(/home/greyhat/ros2ws/src) by extension 'cmake'
[0.960s] Level 1:colcon.colcon_core.package_identification:_identify(/home/greyhat/ros2ws/src) by extension 'python'
[0.960s] Level 1:colcon.colcon_core.package_identification:_identify(/home/greyhat/ros2ws/src) by extensions ['python_setup_py']
[0.960s] Level 1:colcon.colcon_core.package_identification:_identify(/home/greyhat/ros2ws/src) by extension 'python_setup_py'
[0.960s] Level 1:colcon.colcon_core.package_identification:_identify(/home/greyhat/ros2ws/src/aim_line_follow) by extensions ['ignore', 'ignore_ament_install']
[0.960s] Level 1:colcon.colcon_core.package_identification:_identify(/home/greyhat/ros2ws/src/aim_line_follow) by extension 'ignore'
[0.961s] Level 1:colcon.colcon_core.package_identification:_identify(/home/greyhat/ros2ws/src/aim_line_follow) by extension 'ignore_ament_install'
[0.961s] Level 1:colcon.colcon_core.package_identification:_identify(/home/greyhat/ros2ws/src/aim_line_follow) by extensions ['colcon_pkg']
[0.961s] Level 1:colcon.colcon_core.package_identification:_identify(/home/greyhat/ros2ws/src/aim_line_follow) by extension 'colcon_pkg'
[0.961s] Level 1:colcon.colcon_core.package_identification:_identify(/home/greyhat/ros2ws/src/aim_line_follow) by extensions ['colcon_meta']
[0.961s] Level 1:colcon.colcon_core.package_identification:_identify(/home/greyhat/ros2ws/src/aim_line_follow) by extension 'colcon_meta'
[0.961s] Level 1:colcon.colcon_core.package_identification:_identify(/home/greyhat/ros2ws/src/aim_line_follow) by extensions ['ros']
[0.962s] Level 1:colcon.colcon_core.package_identification:_identify(/home/greyhat/ros2ws/src/aim_line_follow) by extension 'ros'
[0.968s] DEBUG:colcon.colcon_core.package_identification:Package '/home/greyhat/ros2ws/src/aim_line_follow' with type 'ros.ament_python' and name 'aim_line_follow'
[0.968s] Level 1:colcon.colcon_core.package_identification:_identify(/home/greyhat/ros2ws/src/log) by extensions ['ignore', 'ignore_ament_install']
[0.969s] Level 1:colcon.colcon_core.package_identification:_identify(/home/greyhat/ros2ws/src/log) by extension 'ignore'
[0.969s] Level 1:colcon.colcon_core.package_identification:_identify(/home/greyhat/ros2ws/src/log) ignored
[0.969s] Level 1:colcon.colcon_core.package_identification:_identify(/home/greyhat/ros2ws/src/nxp_cup_interfaces) by extensions ['ignore', 'ignore_ament_install']
[0.969s] Level 1:colcon.colcon_core.package_identification:_identify(/home/greyhat/ros2ws/src/nxp_cup_interfaces) by extension 'ignore'
[0.970s] Level 1:colcon.colcon_core.package_identification:_identify(/home/greyhat/ros2ws/src/nxp_cup_interfaces) by extension 'ignore_ament_install'
[0.970s] Level 1:colcon.colcon_core.package_identification:_identify(/home/greyhat/ros2ws/src/nxp_cup_interfaces) by extensions ['colcon_pkg']
[0.970s] Level 1:colcon.colcon_core.package_identification:_identify(/home/greyhat/ros2ws/src/nxp_cup_interfaces) by extension 'colcon_pkg'
[0.970s] Level 1:colcon.colcon_core.package_identification:_identify(/home/greyhat/ros2ws/src/nxp_cup_interfaces) by extensions ['colcon_meta']
[0.970s] Level 1:colcon.colcon_core.package_identification:_identify(/home/greyhat/ros2ws/src/nxp_cup_interfaces) by extension 'colcon_meta'
[0.970s] Level 1:colcon.colcon_core.package_identification:_identify(/home/greyhat/ros2ws/src/nxp_cup_interfaces) by extensions ['ros']
[0.971s] Level 1:colcon.colcon_core.package_identification:_identify(/home/greyhat/ros2ws/src/nxp_cup_interfaces) by extension 'ros'
[0.972s] DEBUG:colcon.colcon_core.package_identification:Package '/home/greyhat/ros2ws/src/nxp_cup_interfaces' with type 'ros.ament_cmake' and name 'nxp_cup_interfaces'
[0.973s] Level 1:colcon.colcon_core.package_identification:_identify(/home/greyhat/ros2ws/src/nxp_cup_vision) by extensions ['ignore', 'ignore_ament_install']
[0.973s] Level 1:colcon.colcon_core.package_identification:_identify(/home/greyhat/ros2ws/src/nxp_cup_vision) by extension 'ignore'
[0.973s] Level 1:colcon.colcon_core.package_identification:_identify(/home/greyhat/ros2ws/src/nxp_cup_vision) by extension 'ignore_ament_install'
[0.973s] Level 1:colcon.colcon_core.package_identification:_identify(/home/greyhat/ros2ws/src/nxp_cup_vision) by extensions ['colcon_pkg']
[0.974s] Level 1:colcon.colcon_core.package_identification:_identify(/home/greyhat/ros2ws/src/nxp_cup_vision) by extension 'colcon_pkg'
[0.974s] Level 1:colcon.colcon_core.package_identification:_identify(/home/greyhat/ros2ws/src/nxp_cup_vision) by extensions ['colcon_meta']
[0.974s] Level 1:colcon.colcon_core.package_identification:_identify(/home/greyhat/ros2ws/src/nxp_cup_vision) by extension 'colcon_meta'
[0.974s] Level 1:colcon.colcon_core.package_identification:_identify(/home/greyhat/ros2ws/src/nxp_cup_vision) by extensions ['ros']
[0.974s] Level 1:colcon.colcon_core.package_identification:_identify(/home/greyhat/ros2ws/src/nxp_cup_vision) by extension 'ros'
[0.977s] DEBUG:colcon.colcon_core.package_identification:Package '/home/greyhat/ros2ws/src/nxp_cup_vision' with type 'ros.ament_python' and name 'nxp_cup_vision'
[0.978s] Level 1:colcon.colcon_core.package_identification:_identify(/home/greyhat/ros2ws/src/sim_gazebo_bringup) by extensions ['ignore', 'ignore_ament_install']
[0.978s] Level 1:colcon.colcon_core.package_identification:_identify(/home/greyhat/ros2ws/src/sim_gazebo_bringup) by extension 'ignore'
[0.978s] Level 1:colcon.colcon_core.package_identification:_identify(/home/greyhat/ros2ws/src/sim_gazebo_bringup) by extension 'ignore_ament_install'
[0.979s] Level 1:colcon.colcon_core.package_identification:_identify(/home/greyhat/ros2ws/src/sim_gazebo_bringup) by extensions ['colcon_pkg']
[0.979s] Level 1:colcon.colcon_core.package_identification:_identify(/home/greyhat/ros2ws/src/sim_gazebo_bringup) by extension 'colcon_pkg'
[0.979s] Level 1:colcon.colcon_core.package_identification:_identify(/home/greyhat/ros2ws/src/sim_gazebo_bringup) by extensions ['colcon_meta']
[0.979s] Level 1:colcon.colcon_core.package_identification:_identify(/home/greyhat/ros2ws/src/sim_gazebo_bringup) by extension 'colcon_meta'
[0.979s] Level 1:colcon.colcon_core.package_identification:_identify(/home/greyhat/ros2ws/src/sim_gazebo_bringup) by extensions ['ros']
[0.979s] Level 1:colcon.colcon_core.package_identification:_identify(/home/greyhat/ros2ws/src/sim_gazebo_bringup) by extension 'ros'
[0.984s] DEBUG:colcon.colcon_core.package_identification:Package '/home/greyhat/ros2ws/src/sim_gazebo_bringup' with type 'ros.ament_cmake' and name 'sim_gazebo_bringup'
[0.984s] Level 1:colcon.colcon_core.package_discovery:discover_packages(recursive) using defaults
